# JRE version: Java(TM) SE Runtime Environment (8.0_60-b27) (build 1.8.0_60-b27)
# Java VM: Java HotSpot(TM) 64-Bit Server VM (25.60-b23 mixed mode windows-amd64 compressed oops)
Heap:
 PSYoungGen      total 280064K, used 71235K [0x00000000eab00000, 0x00000000fe380000, 0x0000000100000000)
  eden space 239616K, 19% used [0x00000000eab00000,0x00000000ed998cc8,0x00000000f9500000)
  from space 40448K, 58% used [0x00000000f9500000,0x00000000fabf8258,0x00000000fbc80000)
  to   space 39424K, 0% used [0x00000000fbd00000,0x00000000fbd00000,0x00000000fe380000)
 ParOldGen       total 225792K, used 54917K [0x00000000c0000000, 0x00000000cdc80000, 0x00000000eab00000)
  object space 225792K, 24% used [0x00000000c0000000,0x00000000c35a1768,0x00000000cdc80000)
 Metaspace       used 70402K, capacity 73319K, committed 105472K, reserved 1134592K
  class space    used 9110K, capacity 10193K, committed 19712K, reserved 1048576K
GC Heap History (10 events):
Event: 24028.802 GC heap before
{Heap before GC invocations=77 (full 23):
 PSYoungGen      total 279040K, used 21155K [0x00000000eab00000, 0x00000000fe600000, 0x0000000100000000)
  eden space 237568K, 0% used [0x00000000eab00000,0x00000000eab00000,0x00000000f9300000)
  from space 41472K, 51% used [0x00000000fbd80000,0x00000000fd228c60,0x00000000fe600000)
  to   space 42496K, 0% used [0x00000000f9300000,0x00000000f9300000,0x00000000fbc80000)
 ParOldGen       total 225792K, used 74702K [0x00000000c0000000, 0x00000000cdc80000, 0x00000000eab00000)
  object space 225792K, 33% used [0x00000000c0000000,0x00000000c48f3b00,0x00000000cdc80000)
 Metaspace       used 75956K, capacity 79373K, committed 107520K, reserved 1136640K
  class space    used 9954K, capacity 11191K, committed 19712K, reserved 1048576K
Event: 24028.997 GC heap after
Heap after GC invocations=77 (full 23):
 PSYoungGen      total 279040K, used 0K [0x00000000eab00000, 0x00000000fe600000, 0x0000000100000000)
  eden space 237568K, 0% used [0x00000000eab00000,0x00000000eab00000,0x00000000f9300000)
  from space 41472K, 0% used [0x00000000fbd80000,0x00000000fbd80000,0x00000000fe600000)
  to   space 42496K, 0% used [0x00000000f9300000,0x00000000f9300000,0x00000000fbc80000)
 ParOldGen       total 225792K, used 49399K [0x00000000c0000000, 0x00000000cdc80000, 0x00000000eab00000)
  object space 225792K, 21% used [0x00000000c0000000,0x00000000c303dfe8,0x00000000cdc80000)
 Metaspace       used 57603K, capacity 58281K, committed 105472K, reserved 1134592K
  class space    used 7129K, capacity 7360K, committed 19712K, reserved 1048576K
}
Event: 24379.819 GC heap before
{Heap before GC invocations=78 (full 23):
 PSYoungGen      total 279040K, used 237568K [0x00000000eab00000, 0x00000000fe600000, 0x0000000100000000)
  eden space 237568K, 100% used [0x00000000eab00000,0x00000000f9300000,0x00000000f9300000)
  from space 41472K, 0% used [0x00000000fbd80000,0x00000000fbd80000,0x00000000fe600000)
  to   space 42496K, 0% used [0x00000000f9300000,0x00000000f9300000,0x00000000fbc80000)
 ParOldGen       total 225792K, used 49399K [0x00000000c0000000, 0x00000000cdc80000, 0x00000000eab00000)
  object space 225792K, 21% used [0x00000000c0000000,0x00000000c303dfe8,0x00000000cdc80000)
 Metaspace       used 63249K, capacity 65071K, committed 105472K, reserved 1134592K
  class space    used 8057K, capacity 8739K, committed 19712K, reserved 1048576K
Event: 24379.850 GC heap after
Heap after GC invocations=78 (full 23):
 PSYoungGen      total 280064K, used 27677K [0x00000000eab00000, 0x00000000fe600000, 0x0000000100000000)
  eden space 237568K, 0% used [0x00000000eab00000,0x00000000eab00000,0x00000000f9300000)
  from space 42496K, 65% used [0x00000000f9300000,0x00000000fae076b8,0x00000000fbc80000)
  to   space 41472K, 0% used [0x00000000fbd80000,0x00000000fbd80000,0x00000000fe600000)
 ParOldGen       total 225792K, used 49407K [0x00000000c0000000, 0x00000000cdc80000, 0x00000000eab00000)
  object space 225792K, 21% used [0x00000000c0000000,0x00000000c303ffe8,0x00000000cdc80000)
 Metaspace       used 63249K, capacity 65071K, committed 105472K, reserved 1134592K
  class space    used 8057K, capacity 8739K, committed 19712K, reserved 1048576K
}
Event: 24380.049 GC heap before
{Heap before GC invocations=79 (full 23):
 PSYoungGen      total 280064K, used 52462K [0x00000000eab00000, 0x00000000fe600000, 0x0000000100000000)
  eden space 237568K, 10% used [0x00000000eab00000,0x00000000ec334148,0x00000000f9300000)
  from space 42496K, 65% used [0x00000000f9300000,0x00000000fae076b8,0x00000000fbc80000)
  to   space 41472K, 0% used [0x00000000fbd80000,0x00000000fbd80000,0x00000000fe600000)
 ParOldGen       total 225792K, used 49407K [0x00000000c0000000, 0x00000000cdc80000, 0x00000000eab00000)
  object space 225792K, 21% used [0x00000000c0000000,0x00000000c303ffe8,0x00000000cdc80000)
 Metaspace       used 64138K, capacity 66055K, committed 105472K, reserved 1134592K
  class space    used 8209K, capacity 8919K, committed 19712K, reserved 1048576K
Event: 24380.071 GC heap after
Heap after GC invocations=79 (full 23):
 PSYoungGen      total 279040K, used 24593K [0x00000000eab00000, 0x00000000fe400000, 0x0000000100000000)
  eden space 239616K, 0% used [0x00000000eab00000,0x00000000eab00000,0x00000000f9500000)
  from space 39424K, 62% used [0x00000000fbd80000,0x00000000fd584660,0x00000000fe400000)
  to   space 40448K, 0% used [0x00000000f9500000,0x00000000f9500000,0x00000000fbc80000)
 ParOldGen       total 225792K, used 49407K [0x00000000c0000000, 0x00000000cdc80000, 0x00000000eab00000)
  object space 225792K, 21% used [0x00000000c0000000,0x00000000c303ffe8,0x00000000cdc80000)
 Metaspace       used 64138K, capacity 66055K, committed 105472K, reserved 1134592K
  class space    used 8209K, capacity 8919K, committed 19712K, reserved 1048576K
}
Event: 24380.071 GC heap before
{Heap before GC invocations=80 (full 24):
 PSYoungGen      total 279040K, used 24593K [0x00000000eab00000, 0x00000000fe400000, 0x0000000100000000)
  eden space 239616K, 0% used [0x00000000eab00000,0x00000000eab00000,0x00000000f9500000)
  from space 39424K, 62% used [0x00000000fbd80000,0x00000000fd584660,0x00000000fe400000)
  to   space 40448K, 0% used [0x00000000f9500000,0x00000000f9500000,0x00000000fbc80000)
 ParOldGen       total 225792K, used 49407K [0x00000000c0000000, 0x00000000cdc80000, 0x00000000eab00000)
  object space 225792K, 21% used [0x00000000c0000000,0x00000000c303ffe8,0x00000000cdc80000)
 Metaspace       used 64138K, capacity 66055K, committed 105472K, reserved 1134592K
  class space    used 8209K, capacity 8919K, committed 19712K, reserved 1048576K
Event: 24380.271 GC heap after
Heap after GC invocations=80 (full 24):
 PSYoungGen      total 279040K, used 0K [0x00000000eab00000, 0x00000000fe400000, 0x0000000100000000)
  eden space 239616K, 0% used [0x00000000eab00000,0x00000000eab00000,0x00000000f9500000)
  from space 39424K, 0% used [0x00000000fbd80000,0x00000000fbd80000,0x00000000fe400000)
  to   space 40448K, 0% used [0x00000000f9500000,0x00000000f9500000,0x00000000fbc80000)
 ParOldGen       total 225792K, used 54917K [0x00000000c0000000, 0x00000000cdc80000, 0x00000000eab00000)
  object space 225792K, 24% used [0x00000000c0000000,0x00000000c35a1768,0x00000000cdc80000)
 Metaspace       used 64040K, capacity 65927K, committed 105472K, reserved 1134592K
  class space    used 8170K, capacity 8875K, committed 19712K, reserved 1048576K
}
Event: 24593.711 GC heap before
{Heap before GC invocations=81 (full 24):
 PSYoungGen      total 279040K, used 239616K [0x00000000eab00000, 0x00000000fe400000, 0x0000000100000000)
  eden space 239616K, 100% used [0x00000000eab00000,0x00000000f9500000,0x00000000f9500000)
  from space 39424K, 0% used [0x00000000fbd80000,0x00000000fbd80000,0x00000000fe400000)
  to   space 40448K, 0% used [0x00000000f9500000,0x00000000f9500000,0x00000000fbc80000)
 ParOldGen       total 225792K, used 54917K [0x00000000c0000000, 0x00000000cdc80000, 0x00000000eab00000)
  object space 225792K, 24% used [0x00000000c0000000,0x00000000c35a1768,0x00000000cdc80000)
 Metaspace       used 70093K, capacity 72827K, committed 105472K, reserved 1134592K
  class space    used 9079K, capacity 10113K, committed 19712K, reserved 1048576K
Event: 24593.734 GC heap after
Heap after GC invocations=81 (full 24):
 PSYoungGen      total 280064K, used 23520K [0x00000000eab00000, 0x00000000fe380000, 0x0000000100000000)
  eden space 239616K, 0% used [0x00000000eab00000,0x00000000eab00000,0x00000000f9500000)
  from space 40448K, 58% used [0x00000000f9500000,0x00000000fabf8258,0x00000000fbc80000)
  to   space 39424K, 0% used [0x00000000fbd00000,0x00000000fbd00000,0x00000000fe380000)
 ParOldGen       total 225792K, used 54917K [0x00000000c0000000, 0x00000000cdc80000, 0x00000000eab00000)
  object space 225792K, 24% used [0x00000000c0000000,0x00000000c35a1768,0x00000000cdc80000)
 Metaspace       used 70093K, capacity 72827K, committed 105472K, reserved 1134592K
  class space    used 9079K, capacity 10113K, committed 19712K, reserved 1048576K
}

